  ACT          1:     0     0     4     0     0
   WR         16:     0     0     4     0     0
   WR         20:     0     0     4     0     0
   WR         24:     0     0     4     0     0
   WR         28:     0     0     4     0     0
  ACT         31:     0     0     0     0     0
  ACT         39:     0     0     1     0     0
   RD         46:     0     0     0     0     0
  ACT         47:     0     0     2     0     0
   RD         54:     0     0     1     0     0
  ACT         55:     0     0     3     0     0
   RD         62:     0     0     2     0     0
   RD         70:     0     0     3     0     0
  ACT         71:     0     0     5     0     0
   RD         74:     0     0     4     0     0
  ACT         79:     0     0     6     0     0
   RD         86:     0     0     5     0     0
  ACT         87:     0     0     7     0     0
   RD         94:     0     0     6     0     0
   RD        102:     0     0     7     0     0
   WR        115:     0     0     4     0     1
   WR        119:     0     0     4     0     1
   WR        123:     0     0     4     0     1
   WR        127:     0     0     4     0     1
   WR        131:     0     0     4     0     2
   WR        135:     0     0     4     0     2
   WR        139:     0     0     4     0     4
   WR        143:     0     0     4     0     8
   WR        147:     0     0     4     0    12
   WR        151:     0     0     4     0    16
   WR        155:     0     0     4     0    20
   WR        159:     0     0     4     0    24
   WR        163:     0     0     4     0    28
   WR        167:     0     0     4     0    32
   WR        171:     0     0     4     0    36
   WR        175:     0     0     4     0     4
   WR        179:     0     0     4     0     4
   WR        183:     0     0     4     0     4
   WR        187:     0     0     4     0     5
   WR        191:     0     0     4     0     5
   WR        195:     0     0     4     0     5
   WR        199:     0     0     4     0     5
Simulation done. Statistics written to LPDDR3.stats
