  ACT          1:     0     0     4     0     0
   WR         16:     0     0     4     0     0
   WR         20:     0     0     4     0     0
   WR         24:     0     0     4     0     0
   WR         28:     0     0     4     0     0
   WR         32:     0     0     4     0     1
   WR         36:     0     0     4     0     1
   WR         40:     0     0     4     0     1
   WR         44:     0     0     4     0     1
   WR         48:     0     0     4     0     2
   WR         52:     0     0     4     0     2
   WR         56:     0     0     4     0     4
   WR         60:     0     0     4     0     8
   WR         64:     0     0     4     0    12
   WR         68:     0     0     4     0    16
   WR         72:     0     0     4     0    20
   WR         76:     0     0     4     0    24
   WR         80:     0     0     4     0    28
   WR         84:     0     0     4     0    32
   WR         88:     0     0     4     0    36
   WR         92:     0     0     4     0     4
  ACT         93:     0     0     0     0     0
  ACT        101:     0     0     1     0     0
   RD        109:     0     0     0     0     0
  ACT        110:     0     0     2     0     0
   RD        116:     0     0     1     0     0
  ACT        118:     0     0     3     0     0
   RD        125:     0     0     2     0     0
   RD        133:     0     0     3     0     0
  ACT        134:     0     0     5     0     0
   RD        137:     0     0     4     0     0
  ACT        142:     0     0     6     0     0
   RD        149:     0     0     5     0     0
  ACT        150:     0     0     7     0     0
   RD        157:     0     0     6     0     0
   RD        165:     0     0     7     0     0
   WR        178:     0     0     4     0     4
   WR        182:     0     0     4     0     4
   WR        186:     0     0     4     0     5
   WR        190:     0     0     4     0     5
   WR        194:     0     0     4     0     5
   WR        198:     0     0     4     0     5
Simulation done. Statistics written to LPDDR3.stats
